<?xml version="1.0"?>
<testsuites>
  <testsuite name="PhantomJS 1.9 (Mac)" package="undefined" timestamp="2013-09-07T07:03:21" id="0" hostname="wing-2.lan" tests="0" errors="0" failures="0" time="0">
    <properties>
      <property name="browser.fullName" value="Mozilla/5.0 (Macintosh; Intel Mac OS X) AppleWebKit/534.34 (KHTML, like Gecko) PhantomJS/1.9.1 Safari/534.34"/>
    </properties>
    <system-out><![CDATA[
]]></system-out>
    <system-err/>
  </testsuite>
</testsuites>
